2013/04/01 15:39:23 [error] [exception.CException] exception 'CException' with message 'Alias "bootstrap.widgets.TbHeroUnit" is invalid. Make sure it points to an existing directory or file.' in /var/www/carsurindo/framework/YiiBase.php:341
Stack trace:
#0 /var/www/carsurindo/framework/web/CWidgetFactory.php(146): YiiBase::import('bootstrap.widge...', true)
#1 /var/www/carsurindo/framework/web/CBaseController.php(146): CWidgetFactory->createWidget(Object(SiteController), 'bootstrap.widge...', Array)
#2 /var/www/carsurindo/framework/web/CBaseController.php(189): CBaseController->createWidget('bootstrap.widge...', Array)
#3 /var/www/carsurindo/protected/views/site/index.php(9): CBaseController->beginWidget('bootstrap.widge...', Array)
#4 /var/www/carsurindo/framework/web/CBaseController.php(126): require('/var/www/carsur...')
#5 /var/www/carsurindo/framework/web/CBaseController.php(95): CBaseController->renderInternal('/var/www/carsur...', NULL, true)
#6 /var/www/carsurindo/framework/web/CController.php(869): CBaseController->renderFile('/var/www/carsur...', NULL, true)
#7 /var/www/carsurindo/framework/web/CController.php(782): CController->renderPartial('index', NULL, true)
#8 /var/www/carsurindo/protected/controllers/SiteController.php(32): CController->render('index')
#9 /var/www/carsurindo/framework/web/actions/CInlineAction.php(49): SiteController->actionIndex()
#10 /var/www/carsurindo/framework/web/CController.php(308): CInlineAction->runWithParams(Array)
#11 /var/www/carsurindo/framework/web/CController.php(286): CController->runAction(Object(CInlineAction))
#12 /var/www/carsurindo/framework/web/CController.php(265): CController->runActionWithFilters(Object(CInlineAction), Array)
#13 /var/www/carsurindo/framework/web/CWebApplication.php(282): CController->run('index')
#14 /var/www/carsurindo/framework/web/CWebApplication.php(141): CWebApplication->runController('site/index')
#15 /var/www/carsurindo/framework/base/CApplication.php(169): CWebApplication->processRequest()
#16 /var/www/carsurindo/index.php(13): CApplication->run()
#17 {main}
REQUEST_URI=/carsurindo/index.php?r=site/index
HTTP_REFERER=http://localhost/carsurindo/
---
2013/04/01 15:42:47 [error] [exception.CException] exception 'CException' with message 'Alias "bootstrap.widgets.TbHeroUnit" is invalid. Make sure it points to an existing directory or file.' in /var/www/carsurindo/framework/YiiBase.php:341
Stack trace:
#0 /var/www/carsurindo/framework/web/CWidgetFactory.php(146): YiiBase::import('bootstrap.widge...', true)
#1 /var/www/carsurindo/framework/web/CBaseController.php(146): CWidgetFactory->createWidget(Object(SiteController), 'bootstrap.widge...', Array)
#2 /var/www/carsurindo/framework/web/CBaseController.php(189): CBaseController->createWidget('bootstrap.widge...', Array)
#3 /var/www/carsurindo/themes/bootstrap/views/site/index.php(9): CBaseController->beginWidget('bootstrap.widge...', Array)
#4 /var/www/carsurindo/framework/web/CBaseController.php(126): require('/var/www/carsur...')
#5 /var/www/carsurindo/framework/web/CBaseController.php(95): CBaseController->renderInternal('/var/www/carsur...', NULL, true)
#6 /var/www/carsurindo/framework/web/CController.php(869): CBaseController->renderFile('/var/www/carsur...', NULL, true)
#7 /var/www/carsurindo/framework/web/CController.php(782): CController->renderPartial('index', NULL, true)
#8 /var/www/carsurindo/protected/controllers/SiteController.php(32): CController->render('index')
#9 /var/www/carsurindo/framework/web/actions/CInlineAction.php(49): SiteController->actionIndex()
#10 /var/www/carsurindo/framework/web/CController.php(308): CInlineAction->runWithParams(Array)
#11 /var/www/carsurindo/framework/web/CController.php(286): CController->runAction(Object(CInlineAction))
#12 /var/www/carsurindo/framework/web/CController.php(265): CController->runActionWithFilters(Object(CInlineAction), Array)
#13 /var/www/carsurindo/framework/web/CWebApplication.php(282): CController->run('index')
#14 /var/www/carsurindo/framework/web/CWebApplication.php(141): CWebApplication->runController('site/index')
#15 /var/www/carsurindo/framework/base/CApplication.php(169): CWebApplication->processRequest()
#16 /var/www/carsurindo/index.php(13): CApplication->run()
#17 {main}
REQUEST_URI=/carsurindo/index.php?r=site/index
HTTP_REFERER=http://localhost/carsurindo/index.php?r=site/index
---
2013/04/01 15:43:11 [error] [exception.CException] exception 'CException' with message 'Alias "bootstrap.widgets.TbHeroUnit" is invalid. Make sure it points to an existing directory or file.' in /var/www/carsurindo/framework/YiiBase.php:341
Stack trace:
#0 /var/www/carsurindo/framework/web/CWidgetFactory.php(146): YiiBase::import('bootstrap.widge...', true)
#1 /var/www/carsurindo/framework/web/CBaseController.php(146): CWidgetFactory->createWidget(Object(SiteController), 'bootstrap.widge...', Array)
#2 /var/www/carsurindo/framework/web/CBaseController.php(189): CBaseController->createWidget('bootstrap.widge...', Array)
#3 /var/www/carsurindo/themes/bootstrap/views/site/index.php(9): CBaseController->beginWidget('bootstrap.widge...', Array)
#4 /var/www/carsurindo/framework/web/CBaseController.php(126): require('/var/www/carsur...')
#5 /var/www/carsurindo/framework/web/CBaseController.php(95): CBaseController->renderInternal('/var/www/carsur...', NULL, true)
#6 /var/www/carsurindo/framework/web/CController.php(869): CBaseController->renderFile('/var/www/carsur...', NULL, true)
#7 /var/www/carsurindo/framework/web/CController.php(782): CController->renderPartial('index', NULL, true)
#8 /var/www/carsurindo/protected/controllers/SiteController.php(32): CController->render('index')
#9 /var/www/carsurindo/framework/web/actions/CInlineAction.php(49): SiteController->actionIndex()
#10 /var/www/carsurindo/framework/web/CController.php(308): CInlineAction->runWithParams(Array)
#11 /var/www/carsurindo/framework/web/CController.php(286): CController->runAction(Object(CInlineAction))
#12 /var/www/carsurindo/framework/web/CController.php(265): CController->runActionWithFilters(Object(CInlineAction), Array)
#13 /var/www/carsurindo/framework/web/CWebApplication.php(282): CController->run('index')
#14 /var/www/carsurindo/framework/web/CWebApplication.php(141): CWebApplication->runController('site/index')
#15 /var/www/carsurindo/framework/base/CApplication.php(169): CWebApplication->processRequest()
#16 /var/www/carsurindo/index.php(13): CApplication->run()
#17 {main}
REQUEST_URI=/carsurindo/index.php?r=site/index
HTTP_REFERER=http://localhost/carsurindo/index.php?r=site/index
---
2013/04/01 15:43:13 [error] [exception.CException] exception 'CException' with message 'Alias "bootstrap.widgets.TbHeroUnit" is invalid. Make sure it points to an existing directory or file.' in /var/www/carsurindo/framework/YiiBase.php:341
Stack trace:
#0 /var/www/carsurindo/framework/web/CWidgetFactory.php(146): YiiBase::import('bootstrap.widge...', true)
#1 /var/www/carsurindo/framework/web/CBaseController.php(146): CWidgetFactory->createWidget(Object(SiteController), 'bootstrap.widge...', Array)
#2 /var/www/carsurindo/framework/web/CBaseController.php(189): CBaseController->createWidget('bootstrap.widge...', Array)
#3 /var/www/carsurindo/themes/bootstrap/views/site/index.php(9): CBaseController->beginWidget('bootstrap.widge...', Array)
#4 /var/www/carsurindo/framework/web/CBaseController.php(126): require('/var/www/carsur...')
#5 /var/www/carsurindo/framework/web/CBaseController.php(95): CBaseController->renderInternal('/var/www/carsur...', NULL, true)
#6 /var/www/carsurindo/framework/web/CController.php(869): CBaseController->renderFile('/var/www/carsur...', NULL, true)
#7 /var/www/carsurindo/framework/web/CController.php(782): CController->renderPartial('index', NULL, true)
#8 /var/www/carsurindo/protected/controllers/SiteController.php(32): CController->render('index')
#9 /var/www/carsurindo/framework/web/actions/CInlineAction.php(49): SiteController->actionIndex()
#10 /var/www/carsurindo/framework/web/CController.php(308): CInlineAction->runWithParams(Array)
#11 /var/www/carsurindo/framework/web/CController.php(286): CController->runAction(Object(CInlineAction))
#12 /var/www/carsurindo/framework/web/CController.php(265): CController->runActionWithFilters(Object(CInlineAction), Array)
#13 /var/www/carsurindo/framework/web/CWebApplication.php(282): CController->run('index')
#14 /var/www/carsurindo/framework/web/CWebApplication.php(141): CWebApplication->runController('site/index')
#15 /var/www/carsurindo/framework/base/CApplication.php(169): CWebApplication->processRequest()
#16 /var/www/carsurindo/index.php(13): CApplication->run()
#17 {main}
REQUEST_URI=/carsurindo/index.php?r=site/index
HTTP_REFERER=http://localhost/carsurindo/index.php?r=site/index
---
2013/04/01 15:43:14 [error] [exception.CException] exception 'CException' with message 'Alias "bootstrap.widgets.TbHeroUnit" is invalid. Make sure it points to an existing directory or file.' in /var/www/carsurindo/framework/YiiBase.php:341
Stack trace:
#0 /var/www/carsurindo/framework/web/CWidgetFactory.php(146): YiiBase::import('bootstrap.widge...', true)
#1 /var/www/carsurindo/framework/web/CBaseController.php(146): CWidgetFactory->createWidget(Object(SiteController), 'bootstrap.widge...', Array)
#2 /var/www/carsurindo/framework/web/CBaseController.php(189): CBaseController->createWidget('bootstrap.widge...', Array)
#3 /var/www/carsurindo/themes/bootstrap/views/site/index.php(9): CBaseController->beginWidget('bootstrap.widge...', Array)
#4 /var/www/carsurindo/framework/web/CBaseController.php(126): require('/var/www/carsur...')
#5 /var/www/carsurindo/framework/web/CBaseController.php(95): CBaseController->renderInternal('/var/www/carsur...', NULL, true)
#6 /var/www/carsurindo/framework/web/CController.php(869): CBaseController->renderFile('/var/www/carsur...', NULL, true)
#7 /var/www/carsurindo/framework/web/CController.php(782): CController->renderPartial('index', NULL, true)
#8 /var/www/carsurindo/protected/controllers/SiteController.php(32): CController->render('index')
#9 /var/www/carsurindo/framework/web/actions/CInlineAction.php(49): SiteController->actionIndex()
#10 /var/www/carsurindo/framework/web/CController.php(308): CInlineAction->runWithParams(Array)
#11 /var/www/carsurindo/framework/web/CController.php(286): CController->runAction(Object(CInlineAction))
#12 /var/www/carsurindo/framework/web/CController.php(265): CController->runActionWithFilters(Object(CInlineAction), Array)
#13 /var/www/carsurindo/framework/web/CWebApplication.php(282): CController->run('index')
#14 /var/www/carsurindo/framework/web/CWebApplication.php(141): CWebApplication->runController('site/index')
#15 /var/www/carsurindo/framework/base/CApplication.php(169): CWebApplication->processRequest()
#16 /var/www/carsurindo/index.php(13): CApplication->run()
#17 {main}
REQUEST_URI=/carsurindo/index.php?r=site/index
HTTP_REFERER=http://localhost/carsurindo/index.php?r=site/index
---
2013/04/01 15:43:14 [error] [exception.CException] exception 'CException' with message 'Alias "bootstrap.widgets.TbHeroUnit" is invalid. Make sure it points to an existing directory or file.' in /var/www/carsurindo/framework/YiiBase.php:341
Stack trace:
#0 /var/www/carsurindo/framework/web/CWidgetFactory.php(146): YiiBase::import('bootstrap.widge...', true)
#1 /var/www/carsurindo/framework/web/CBaseController.php(146): CWidgetFactory->createWidget(Object(SiteController), 'bootstrap.widge...', Array)
#2 /var/www/carsurindo/framework/web/CBaseController.php(189): CBaseController->createWidget('bootstrap.widge...', Array)
#3 /var/www/carsurindo/themes/bootstrap/views/site/index.php(9): CBaseController->beginWidget('bootstrap.widge...', Array)
#4 /var/www/carsurindo/framework/web/CBaseController.php(126): require('/var/www/carsur...')
#5 /var/www/carsurindo/framework/web/CBaseController.php(95): CBaseController->renderInternal('/var/www/carsur...', NULL, true)
#6 /var/www/carsurindo/framework/web/CController.php(869): CBaseController->renderFile('/var/www/carsur...', NULL, true)
#7 /var/www/carsurindo/framework/web/CController.php(782): CController->renderPartial('index', NULL, true)
#8 /var/www/carsurindo/protected/controllers/SiteController.php(32): CController->render('index')
#9 /var/www/carsurindo/framework/web/actions/CInlineAction.php(49): SiteController->actionIndex()
#10 /var/www/carsurindo/framework/web/CController.php(308): CInlineAction->runWithParams(Array)
#11 /var/www/carsurindo/framework/web/CController.php(286): CController->runAction(Object(CInlineAction))
#12 /var/www/carsurindo/framework/web/CController.php(265): CController->runActionWithFilters(Object(CInlineAction), Array)
#13 /var/www/carsurindo/framework/web/CWebApplication.php(282): CController->run('index')
#14 /var/www/carsurindo/framework/web/CWebApplication.php(141): CWebApplication->runController('site/index')
#15 /var/www/carsurindo/framework/base/CApplication.php(169): CWebApplication->processRequest()
#16 /var/www/carsurindo/index.php(13): CApplication->run()
#17 {main}
REQUEST_URI=/carsurindo/index.php?r=site/index
HTTP_REFERER=http://localhost/carsurindo/index.php?r=site/index
---
2013/04/01 15:43:14 [error] [exception.CException] exception 'CException' with message 'Alias "bootstrap.widgets.TbHeroUnit" is invalid. Make sure it points to an existing directory or file.' in /var/www/carsurindo/framework/YiiBase.php:341
Stack trace:
#0 /var/www/carsurindo/framework/web/CWidgetFactory.php(146): YiiBase::import('bootstrap.widge...', true)
#1 /var/www/carsurindo/framework/web/CBaseController.php(146): CWidgetFactory->createWidget(Object(SiteController), 'bootstrap.widge...', Array)
#2 /var/www/carsurindo/framework/web/CBaseController.php(189): CBaseController->createWidget('bootstrap.widge...', Array)
#3 /var/www/carsurindo/themes/bootstrap/views/site/index.php(9): CBaseController->beginWidget('bootstrap.widge...', Array)
#4 /var/www/carsurindo/framework/web/CBaseController.php(126): require('/var/www/carsur...')
#5 /var/www/carsurindo/framework/web/CBaseController.php(95): CBaseController->renderInternal('/var/www/carsur...', NULL, true)
#6 /var/www/carsurindo/framework/web/CController.php(869): CBaseController->renderFile('/var/www/carsur...', NULL, true)
#7 /var/www/carsurindo/framework/web/CController.php(782): CController->renderPartial('index', NULL, true)
#8 /var/www/carsurindo/protected/controllers/SiteController.php(32): CController->render('index')
#9 /var/www/carsurindo/framework/web/actions/CInlineAction.php(49): SiteController->actionIndex()
#10 /var/www/carsurindo/framework/web/CController.php(308): CInlineAction->runWithParams(Array)
#11 /var/www/carsurindo/framework/web/CController.php(286): CController->runAction(Object(CInlineAction))
#12 /var/www/carsurindo/framework/web/CController.php(265): CController->runActionWithFilters(Object(CInlineAction), Array)
#13 /var/www/carsurindo/framework/web/CWebApplication.php(282): CController->run('index')
#14 /var/www/carsurindo/framework/web/CWebApplication.php(141): CWebApplication->runController('site/index')
#15 /var/www/carsurindo/framework/base/CApplication.php(169): CWebApplication->processRequest()
#16 /var/www/carsurindo/index.php(13): CApplication->run()
#17 {main}
REQUEST_URI=/carsurindo/index.php?r=site/index
HTTP_REFERER=http://localhost/carsurindo/index.php?r=site/index
---
2013/04/01 15:43:15 [error] [exception.CException] exception 'CException' with message 'Alias "bootstrap.widgets.TbHeroUnit" is invalid. Make sure it points to an existing directory or file.' in /var/www/carsurindo/framework/YiiBase.php:341
Stack trace:
#0 /var/www/carsurindo/framework/web/CWidgetFactory.php(146): YiiBase::import('bootstrap.widge...', true)
#1 /var/www/carsurindo/framework/web/CBaseController.php(146): CWidgetFactory->createWidget(Object(SiteController), 'bootstrap.widge...', Array)
#2 /var/www/carsurindo/framework/web/CBaseController.php(189): CBaseController->createWidget('bootstrap.widge...', Array)
#3 /var/www/carsurindo/themes/bootstrap/views/site/index.php(9): CBaseController->beginWidget('bootstrap.widge...', Array)
#4 /var/www/carsurindo/framework/web/CBaseController.php(126): require('/var/www/carsur...')
#5 /var/www/carsurindo/framework/web/CBaseController.php(95): CBaseController->renderInternal('/var/www/carsur...', NULL, true)
#6 /var/www/carsurindo/framework/web/CController.php(869): CBaseController->renderFile('/var/www/carsur...', NULL, true)
#7 /var/www/carsurindo/framework/web/CController.php(782): CController->renderPartial('index', NULL, true)
#8 /var/www/carsurindo/protected/controllers/SiteController.php(32): CController->render('index')
#9 /var/www/carsurindo/framework/web/actions/CInlineAction.php(49): SiteController->actionIndex()
#10 /var/www/carsurindo/framework/web/CController.php(308): CInlineAction->runWithParams(Array)
#11 /var/www/carsurindo/framework/web/CController.php(286): CController->runAction(Object(CInlineAction))
#12 /var/www/carsurindo/framework/web/CController.php(265): CController->runActionWithFilters(Object(CInlineAction), Array)
#13 /var/www/carsurindo/framework/web/CWebApplication.php(282): CController->run('')
#14 /var/www/carsurindo/framework/web/CWebApplication.php(141): CWebApplication->runController('')
#15 /var/www/carsurindo/framework/base/CApplication.php(169): CWebApplication->processRequest()
#16 /var/www/carsurindo/index.php(13): CApplication->run()
#17 {main}
REQUEST_URI=/carsurindo/
---
2013/04/01 15:43:17 [error] [exception.CException] exception 'CException' with message 'Alias "bootstrap.widgets.TbHeroUnit" is invalid. Make sure it points to an existing directory or file.' in /var/www/carsurindo/framework/YiiBase.php:341
Stack trace:
#0 /var/www/carsurindo/framework/web/CWidgetFactory.php(146): YiiBase::import('bootstrap.widge...', true)
#1 /var/www/carsurindo/framework/web/CBaseController.php(146): CWidgetFactory->createWidget(Object(SiteController), 'bootstrap.widge...', Array)
#2 /var/www/carsurindo/framework/web/CBaseController.php(189): CBaseController->createWidget('bootstrap.widge...', Array)
#3 /var/www/carsurindo/themes/bootstrap/views/site/index.php(9): CBaseController->beginWidget('bootstrap.widge...', Array)
#4 /var/www/carsurindo/framework/web/CBaseController.php(126): require('/var/www/carsur...')
#5 /var/www/carsurindo/framework/web/CBaseController.php(95): CBaseController->renderInternal('/var/www/carsur...', NULL, true)
#6 /var/www/carsurindo/framework/web/CController.php(869): CBaseController->renderFile('/var/www/carsur...', NULL, true)
#7 /var/www/carsurindo/framework/web/CController.php(782): CController->renderPartial('index', NULL, true)
#8 /var/www/carsurindo/protected/controllers/SiteController.php(32): CController->render('index')
#9 /var/www/carsurindo/framework/web/actions/CInlineAction.php(49): SiteController->actionIndex()
#10 /var/www/carsurindo/framework/web/CController.php(308): CInlineAction->runWithParams(Array)
#11 /var/www/carsurindo/framework/web/CController.php(286): CController->runAction(Object(CInlineAction))
#12 /var/www/carsurindo/framework/web/CController.php(265): CController->runActionWithFilters(Object(CInlineAction), Array)
#13 /var/www/carsurindo/framework/web/CWebApplication.php(282): CController->run('index')
#14 /var/www/carsurindo/framework/web/CWebApplication.php(141): CWebApplication->runController('site/index')
#15 /var/www/carsurindo/framework/base/CApplication.php(169): CWebApplication->processRequest()
#16 /var/www/carsurindo/index.php(13): CApplication->run()
#17 {main}
REQUEST_URI=/carsurindo/index.php?r=site/index
HTTP_REFERER=http://localhost/carsurindo/index.php?r=site/index
---
2013/04/01 15:43:58 [error] [exception.CException] exception 'CException' with message 'Alias "bootstrap.widgets.TbHeroUnit" is invalid. Make sure it points to an existing directory or file.' in /var/www/carsurindo/framework/YiiBase.php:341
Stack trace:
#0 /var/www/carsurindo/framework/web/CWidgetFactory.php(146): YiiBase::import('bootstrap.widge...', true)
#1 /var/www/carsurindo/framework/web/CBaseController.php(146): CWidgetFactory->createWidget(Object(SiteController), 'bootstrap.widge...', Array)
#2 /var/www/carsurindo/framework/web/CBaseController.php(189): CBaseController->createWidget('bootstrap.widge...', Array)
#3 /var/www/carsurindo/themes/bootstrap/views/site/index.php(9): CBaseController->beginWidget('bootstrap.widge...', Array)
#4 /var/www/carsurindo/framework/web/CBaseController.php(126): require('/var/www/carsur...')
#5 /var/www/carsurindo/framework/web/CBaseController.php(95): CBaseController->renderInternal('/var/www/carsur...', NULL, true)
#6 /var/www/carsurindo/framework/web/CController.php(869): CBaseController->renderFile('/var/www/carsur...', NULL, true)
#7 /var/www/carsurindo/framework/web/CController.php(782): CController->renderPartial('index', NULL, true)
#8 /var/www/carsurindo/protected/controllers/SiteController.php(32): CController->render('index')
#9 /var/www/carsurindo/framework/web/actions/CInlineAction.php(49): SiteController->actionIndex()
#10 /var/www/carsurindo/framework/web/CController.php(308): CInlineAction->runWithParams(Array)
#11 /var/www/carsurindo/framework/web/CController.php(286): CController->runAction(Object(CInlineAction))
#12 /var/www/carsurindo/framework/web/CController.php(265): CController->runActionWithFilters(Object(CInlineAction), Array)
#13 /var/www/carsurindo/framework/web/CWebApplication.php(282): CController->run('index')
#14 /var/www/carsurindo/framework/web/CWebApplication.php(141): CWebApplication->runController('site/index')
#15 /var/www/carsurindo/framework/base/CApplication.php(169): CWebApplication->processRequest()
#16 /var/www/carsurindo/index.php(13): CApplication->run()
#17 {main}
REQUEST_URI=/carsurindo/index.php?r=site/index
HTTP_REFERER=http://localhost/carsurindo/index.php?r=site/index
---
2013/04/01 15:43:59 [error] [exception.CException] exception 'CException' with message 'Alias "bootstrap.widgets.TbHeroUnit" is invalid. Make sure it points to an existing directory or file.' in /var/www/carsurindo/framework/YiiBase.php:341
Stack trace:
#0 /var/www/carsurindo/framework/web/CWidgetFactory.php(146): YiiBase::import('bootstrap.widge...', true)
#1 /var/www/carsurindo/framework/web/CBaseController.php(146): CWidgetFactory->createWidget(Object(SiteController), 'bootstrap.widge...', Array)
#2 /var/www/carsurindo/framework/web/CBaseController.php(189): CBaseController->createWidget('bootstrap.widge...', Array)
#3 /var/www/carsurindo/themes/bootstrap/views/site/index.php(9): CBaseController->beginWidget('bootstrap.widge...', Array)
#4 /var/www/carsurindo/framework/web/CBaseController.php(126): require('/var/www/carsur...')
#5 /var/www/carsurindo/framework/web/CBaseController.php(95): CBaseController->renderInternal('/var/www/carsur...', NULL, true)
#6 /var/www/carsurindo/framework/web/CController.php(869): CBaseController->renderFile('/var/www/carsur...', NULL, true)
#7 /var/www/carsurindo/framework/web/CController.php(782): CController->renderPartial('index', NULL, true)
#8 /var/www/carsurindo/protected/controllers/SiteController.php(32): CController->render('index')
#9 /var/www/carsurindo/framework/web/actions/CInlineAction.php(49): SiteController->actionIndex()
#10 /var/www/carsurindo/framework/web/CController.php(308): CInlineAction->runWithParams(Array)
#11 /var/www/carsurindo/framework/web/CController.php(286): CController->runAction(Object(CInlineAction))
#12 /var/www/carsurindo/framework/web/CController.php(265): CController->runActionWithFilters(Object(CInlineAction), Array)
#13 /var/www/carsurindo/framework/web/CWebApplication.php(282): CController->run('index')
#14 /var/www/carsurindo/framework/web/CWebApplication.php(141): CWebApplication->runController('site/index')
#15 /var/www/carsurindo/framework/base/CApplication.php(169): CWebApplication->processRequest()
#16 /var/www/carsurindo/index.php(13): CApplication->run()
#17 {main}
REQUEST_URI=/carsurindo/index.php?r=site/index
HTTP_REFERER=http://localhost/carsurindo/index.php?r=site/index
---
2013/04/01 15:43:59 [error] [exception.CException] exception 'CException' with message 'Alias "bootstrap.widgets.TbHeroUnit" is invalid. Make sure it points to an existing directory or file.' in /var/www/carsurindo/framework/YiiBase.php:341
Stack trace:
#0 /var/www/carsurindo/framework/web/CWidgetFactory.php(146): YiiBase::import('bootstrap.widge...', true)
#1 /var/www/carsurindo/framework/web/CBaseController.php(146): CWidgetFactory->createWidget(Object(SiteController), 'bootstrap.widge...', Array)
#2 /var/www/carsurindo/framework/web/CBaseController.php(189): CBaseController->createWidget('bootstrap.widge...', Array)
#3 /var/www/carsurindo/themes/bootstrap/views/site/index.php(9): CBaseController->beginWidget('bootstrap.widge...', Array)
#4 /var/www/carsurindo/framework/web/CBaseController.php(126): require('/var/www/carsur...')
#5 /var/www/carsurindo/framework/web/CBaseController.php(95): CBaseController->renderInternal('/var/www/carsur...', NULL, true)
#6 /var/www/carsurindo/framework/web/CController.php(869): CBaseController->renderFile('/var/www/carsur...', NULL, true)
#7 /var/www/carsurindo/framework/web/CController.php(782): CController->renderPartial('index', NULL, true)
#8 /var/www/carsurindo/protected/controllers/SiteController.php(32): CController->render('index')
#9 /var/www/carsurindo/framework/web/actions/CInlineAction.php(49): SiteController->actionIndex()
#10 /var/www/carsurindo/framework/web/CController.php(308): CInlineAction->runWithParams(Array)
#11 /var/www/carsurindo/framework/web/CController.php(286): CController->runAction(Object(CInlineAction))
#12 /var/www/carsurindo/framework/web/CController.php(265): CController->runActionWithFilters(Object(CInlineAction), Array)
#13 /var/www/carsurindo/framework/web/CWebApplication.php(282): CController->run('index')
#14 /var/www/carsurindo/framework/web/CWebApplication.php(141): CWebApplication->runController('site/index')
#15 /var/www/carsurindo/framework/base/CApplication.php(169): CWebApplication->processRequest()
#16 /var/www/carsurindo/index.php(13): CApplication->run()
#17 {main}
REQUEST_URI=/carsurindo/index.php?r=site/index
HTTP_REFERER=http://localhost/carsurindo/index.php?r=site/index
---
2013/04/01 15:43:59 [error] [exception.CException] exception 'CException' with message 'Alias "bootstrap.widgets.TbHeroUnit" is invalid. Make sure it points to an existing directory or file.' in /var/www/carsurindo/framework/YiiBase.php:341
Stack trace:
#0 /var/www/carsurindo/framework/web/CWidgetFactory.php(146): YiiBase::import('bootstrap.widge...', true)
#1 /var/www/carsurindo/framework/web/CBaseController.php(146): CWidgetFactory->createWidget(Object(SiteController), 'bootstrap.widge...', Array)
#2 /var/www/carsurindo/framework/web/CBaseController.php(189): CBaseController->createWidget('bootstrap.widge...', Array)
#3 /var/www/carsurindo/themes/bootstrap/views/site/index.php(9): CBaseController->beginWidget('bootstrap.widge...', Array)
#4 /var/www/carsurindo/framework/web/CBaseController.php(126): require('/var/www/carsur...')
#5 /var/www/carsurindo/framework/web/CBaseController.php(95): CBaseController->renderInternal('/var/www/carsur...', NULL, true)
#6 /var/www/carsurindo/framework/web/CController.php(869): CBaseController->renderFile('/var/www/carsur...', NULL, true)
#7 /var/www/carsurindo/framework/web/CController.php(782): CController->renderPartial('index', NULL, true)
#8 /var/www/carsurindo/protected/controllers/SiteController.php(32): CController->render('index')
#9 /var/www/carsurindo/framework/web/actions/CInlineAction.php(49): SiteController->actionIndex()
#10 /var/www/carsurindo/framework/web/CController.php(308): CInlineAction->runWithParams(Array)
#11 /var/www/carsurindo/framework/web/CController.php(286): CController->runAction(Object(CInlineAction))
#12 /var/www/carsurindo/framework/web/CController.php(265): CController->runActionWithFilters(Object(CInlineAction), Array)
#13 /var/www/carsurindo/framework/web/CWebApplication.php(282): CController->run('index')
#14 /var/www/carsurindo/framework/web/CWebApplication.php(141): CWebApplication->runController('site/index')
#15 /var/www/carsurindo/framework/base/CApplication.php(169): CWebApplication->processRequest()
#16 /var/www/carsurindo/index.php(13): CApplication->run()
#17 {main}
REQUEST_URI=/carsurindo/index.php?r=site/index
HTTP_REFERER=http://localhost/carsurindo/index.php?r=site/index
---
2013/04/01 15:43:59 [error] [exception.CException] exception 'CException' with message 'Alias "bootstrap.widgets.TbHeroUnit" is invalid. Make sure it points to an existing directory or file.' in /var/www/carsurindo/framework/YiiBase.php:341
Stack trace:
#0 /var/www/carsurindo/framework/web/CWidgetFactory.php(146): YiiBase::import('bootstrap.widge...', true)
#1 /var/www/carsurindo/framework/web/CBaseController.php(146): CWidgetFactory->createWidget(Object(SiteController), 'bootstrap.widge...', Array)
#2 /var/www/carsurindo/framework/web/CBaseController.php(189): CBaseController->createWidget('bootstrap.widge...', Array)
#3 /var/www/carsurindo/themes/bootstrap/views/site/index.php(9): CBaseController->beginWidget('bootstrap.widge...', Array)
#4 /var/www/carsurindo/framework/web/CBaseController.php(126): require('/var/www/carsur...')
#5 /var/www/carsurindo/framework/web/CBaseController.php(95): CBaseController->renderInternal('/var/www/carsur...', NULL, true)
#6 /var/www/carsurindo/framework/web/CController.php(869): CBaseController->renderFile('/var/www/carsur...', NULL, true)
#7 /var/www/carsurindo/framework/web/CController.php(782): CController->renderPartial('index', NULL, true)
#8 /var/www/carsurindo/protected/controllers/SiteController.php(32): CController->render('index')
#9 /var/www/carsurindo/framework/web/actions/CInlineAction.php(49): SiteController->actionIndex()
#10 /var/www/carsurindo/framework/web/CController.php(308): CInlineAction->runWithParams(Array)
#11 /var/www/carsurindo/framework/web/CController.php(286): CController->runAction(Object(CInlineAction))
#12 /var/www/carsurindo/framework/web/CController.php(265): CController->runActionWithFilters(Object(CInlineAction), Array)
#13 /var/www/carsurindo/framework/web/CWebApplication.php(282): CController->run('index')
#14 /var/www/carsurindo/framework/web/CWebApplication.php(141): CWebApplication->runController('site/index')
#15 /var/www/carsurindo/framework/base/CApplication.php(169): CWebApplication->processRequest()
#16 /var/www/carsurindo/index.php(13): CApplication->run()
#17 {main}
REQUEST_URI=/carsurindo/index.php?r=site/index
HTTP_REFERER=http://localhost/carsurindo/index.php?r=site/index
---
2013/04/01 15:45:08 [error] [php] Trying to get property of non-object (/var/www/carsurindo/themes/bootstrap/views/layouts/main.php:27)
Stack trace:
#0 /var/www/carsurindo/framework/web/widgets/CContentDecorator.php(76): SiteController->renderFile()
#1 /var/www/carsurindo/framework/web/widgets/CContentDecorator.php(54): CContentDecorator->decorate()
#2 /var/www/carsurindo/framework/web/widgets/COutputProcessor.php(44): CContentDecorator->processOutput()
#3 /var/www/carsurindo/framework/web/CBaseController.php(206): CContentDecorator->run()
#4 /var/www/carsurindo/framework/web/CBaseController.php(300): SiteController->endWidget()
#5 /var/www/carsurindo/protected/views/layouts/column1.php(6): SiteController->endContent()
#6 /var/www/carsurindo/framework/web/CBaseController.php(126): require()
#7 /var/www/carsurindo/framework/web/CBaseController.php(95): SiteController->renderInternal()
#8 /var/www/carsurindo/framework/web/CController.php(784): SiteController->renderFile()
#9 /var/www/carsurindo/protected/controllers/SiteController.php(32): SiteController->render()
#10 /var/www/carsurindo/framework/web/actions/CInlineAction.php(49): SiteController->actionIndex()
#11 /var/www/carsurindo/framework/web/CController.php(308): CInlineAction->runWithParams()
#12 /var/www/carsurindo/framework/web/CController.php(286): SiteController->runAction()
#13 /var/www/carsurindo/framework/web/CController.php(265): SiteController->runActionWithFilters()
#14 /var/www/carsurindo/framework/web/CWebApplication.php(282): SiteController->run()
#15 /var/www/carsurindo/framework/web/CWebApplication.php(141): CWebApplication->runController()
#16 /var/www/carsurindo/framework/base/CApplication.php(169): CWebApplication->processRequest()
#17 /var/www/carsurindo/index.php(13): CWebApplication->run()
REQUEST_URI=/carsurindo/index.php?r=site/index
in /var/www/carsurindo/themes/bootstrap/views/layouts/main.php (27)
in /var/www/carsurindo/protected/views/layouts/column1.php (6)
in /var/www/carsurindo/protected/controllers/SiteController.php (32)
2013/04/01 15:59:55 [error] [exception.CException] exception 'CException' with message 'SiteController contains improperly nested widget tags in its view "/var/www/carsurindo/themes/bootstrap/views/site/index.php". A TbHeroUnit widget does not have an endWidget() call.' in /var/www/carsurindo/framework/web/CBaseController.php:101
Stack trace:
#0 /var/www/carsurindo/framework/web/CController.php(869): CBaseController->renderFile('/var/www/carsur...', NULL, true)
#1 /var/www/carsurindo/framework/web/CController.php(782): CController->renderPartial('index', NULL, true)
#2 /var/www/carsurindo/protected/controllers/SiteController.php(32): CController->render('index')
#3 /var/www/carsurindo/framework/web/actions/CInlineAction.php(49): SiteController->actionIndex()
#4 /var/www/carsurindo/framework/web/CController.php(308): CInlineAction->runWithParams(Array)
#5 /var/www/carsurindo/framework/web/CController.php(286): CController->runAction(Object(CInlineAction))
#6 /var/www/carsurindo/framework/web/CController.php(265): CController->runActionWithFilters(Object(CInlineAction), Array)
#7 /var/www/carsurindo/framework/web/CWebApplication.php(282): CController->run('index')
#8 /var/www/carsurindo/framework/web/CWebApplication.php(141): CWebApplication->runController('site/index')
#9 /var/www/carsurindo/framework/base/CApplication.php(169): CWebApplication->processRequest()
#10 /var/www/carsurindo/index.php(13): CApplication->run()
#11 {main}
REQUEST_URI=/carsurindo/index.php?r=site/index
HTTP_REFERER=http://localhost/carsurindo/index.php?r=site/login
---
2013/04/01 15:59:57 [error] [exception.CException] exception 'CException' with message 'SiteController contains improperly nested widget tags in its view "/var/www/carsurindo/themes/bootstrap/views/site/index.php". A TbHeroUnit widget does not have an endWidget() call.' in /var/www/carsurindo/framework/web/CBaseController.php:101
Stack trace:
#0 /var/www/carsurindo/framework/web/CController.php(869): CBaseController->renderFile('/var/www/carsur...', NULL, true)
#1 /var/www/carsurindo/framework/web/CController.php(782): CController->renderPartial('index', NULL, true)
#2 /var/www/carsurindo/protected/controllers/SiteController.php(32): CController->render('index')
#3 /var/www/carsurindo/framework/web/actions/CInlineAction.php(49): SiteController->actionIndex()
#4 /var/www/carsurindo/framework/web/CController.php(308): CInlineAction->runWithParams(Array)
#5 /var/www/carsurindo/framework/web/CController.php(286): CController->runAction(Object(CInlineAction))
#6 /var/www/carsurindo/framework/web/CController.php(265): CController->runActionWithFilters(Object(CInlineAction), Array)
#7 /var/www/carsurindo/framework/web/CWebApplication.php(282): CController->run('index')
#8 /var/www/carsurindo/framework/web/CWebApplication.php(141): CWebApplication->runController('site/index')
#9 /var/www/carsurindo/framework/base/CApplication.php(169): CWebApplication->processRequest()
#10 /var/www/carsurindo/index.php(13): CApplication->run()
#11 {main}
REQUEST_URI=/carsurindo/index.php?r=site/index
HTTP_REFERER=http://localhost/carsurindo/index.php?r=site/login
---
2013/04/01 15:59:58 [error] [exception.CException] exception 'CException' with message 'SiteController contains improperly nested widget tags in its view "/var/www/carsurindo/themes/bootstrap/views/site/index.php". A TbHeroUnit widget does not have an endWidget() call.' in /var/www/carsurindo/framework/web/CBaseController.php:101
Stack trace:
#0 /var/www/carsurindo/framework/web/CController.php(869): CBaseController->renderFile('/var/www/carsur...', NULL, true)
#1 /var/www/carsurindo/framework/web/CController.php(782): CController->renderPartial('index', NULL, true)
#2 /var/www/carsurindo/protected/controllers/SiteController.php(32): CController->render('index')
#3 /var/www/carsurindo/framework/web/actions/CInlineAction.php(49): SiteController->actionIndex()
#4 /var/www/carsurindo/framework/web/CController.php(308): CInlineAction->runWithParams(Array)
#5 /var/www/carsurindo/framework/web/CController.php(286): CController->runAction(Object(CInlineAction))
#6 /var/www/carsurindo/framework/web/CController.php(265): CController->runActionWithFilters(Object(CInlineAction), Array)
#7 /var/www/carsurindo/framework/web/CWebApplication.php(282): CController->run('index')
#8 /var/www/carsurindo/framework/web/CWebApplication.php(141): CWebApplication->runController('site/index')
#9 /var/www/carsurindo/framework/base/CApplication.php(169): CWebApplication->processRequest()
#10 /var/www/carsurindo/index.php(13): CApplication->run()
#11 {main}
REQUEST_URI=/carsurindo/index.php?r=site/index
HTTP_REFERER=http://localhost/carsurindo/index.php?r=site/login
---
2013/04/22 11:20:51 [error] [exception.CException] exception 'CException' with message 'Bootstrap and its behaviors do not have a method or closure named "register".' in /var/www/carsurindo/framework/base/CComponent.php:265
Stack trace:
#0 /var/www/carsurindo/themes/bootstrap/views/layouts/main.php(12): CComponent->__call('register', Array)
#1 /var/www/carsurindo/themes/bootstrap/views/layouts/main.php(12): Bootstrap->register()
#2 /var/www/carsurindo/framework/web/CBaseController.php(126): require('/var/www/carsur...')
#3 /var/www/carsurindo/framework/web/CBaseController.php(95): CBaseController->renderInternal('/var/www/carsur...', Array, true)
#4 /var/www/carsurindo/framework/web/widgets/CContentDecorator.php(76): CBaseController->renderFile('/var/www/carsur...', Array, true)
#5 /var/www/carsurindo/framework/web/widgets/CContentDecorator.php(54): CContentDecorator->decorate('<div id="conten...')
#6 /var/www/carsurindo/framework/web/widgets/COutputProcessor.php(44): CContentDecorator->processOutput('<div id="conten...')
#7 /var/www/carsurindo/framework/web/CBaseController.php(206): COutputProcessor->run()
#8 /var/www/carsurindo/framework/web/CBaseController.php(300): CBaseController->endWidget('CContentDecorat...')
#9 /var/www/carsurindo/protected/views/layouts/column1.php(6): CBaseController->endContent()
#10 /var/www/carsurindo/framework/web/CBaseController.php(126): require('/var/www/carsur...')
#11 /var/www/carsurindo/framework/web/CBaseController.php(95): CBaseController->renderInternal('/var/www/carsur...', Array, true)
#12 /var/www/carsurindo/framework/web/CController.php(784): CBaseController->renderFile('/var/www/carsur...', Array, true)
#13 /var/www/carsurindo/protected/controllers/SiteController.php(32): CController->render('index')
#14 /var/www/carsurindo/framework/web/actions/CInlineAction.php(49): SiteController->actionIndex()
#15 /var/www/carsurindo/framework/web/CController.php(308): CInlineAction->runWithParams(Array)
#16 /var/www/carsurindo/framework/web/CController.php(286): CController->runAction(Object(CInlineAction))
#17 /var/www/carsurindo/framework/web/CController.php(265): CController->runActionWithFilters(Object(CInlineAction), Array)
#18 /var/www/carsurindo/framework/web/CWebApplication.php(282): CController->run('index')
#19 /var/www/carsurindo/framework/web/CWebApplication.php(141): CWebApplication->runController('site/index')
#20 /var/www/carsurindo/framework/base/CApplication.php(169): CWebApplication->processRequest()
#21 /var/www/carsurindo/index.php(13): CApplication->run()
#22 {main}
REQUEST_URI=/carsurindo/index.php?r=site/index
HTTP_REFERER=http://localhost/carsurindo/index.php?r=site/index
---
2013/04/22 11:21:18 [error] [exception.CException] exception 'CException' with message 'Bootstrap and its behaviors do not have a method or closure named "register".' in /var/www/carsurindo/framework/base/CComponent.php:265
Stack trace:
#0 /var/www/carsurindo/themes/bootstrap/views/layouts/main.php(12): CComponent->__call('register', Array)
#1 /var/www/carsurindo/themes/bootstrap/views/layouts/main.php(12): Bootstrap->register()
#2 /var/www/carsurindo/framework/web/CBaseController.php(126): require('/var/www/carsur...')
#3 /var/www/carsurindo/framework/web/CBaseController.php(95): CBaseController->renderInternal('/var/www/carsur...', Array, true)
#4 /var/www/carsurindo/framework/web/widgets/CContentDecorator.php(76): CBaseController->renderFile('/var/www/carsur...', Array, true)
#5 /var/www/carsurindo/framework/web/widgets/CContentDecorator.php(54): CContentDecorator->decorate('<div id="conten...')
#6 /var/www/carsurindo/framework/web/widgets/COutputProcessor.php(44): CContentDecorator->processOutput('<div id="conten...')
#7 /var/www/carsurindo/framework/web/CBaseController.php(206): COutputProcessor->run()
#8 /var/www/carsurindo/framework/web/CBaseController.php(300): CBaseController->endWidget('CContentDecorat...')
#9 /var/www/carsurindo/protected/views/layouts/column1.php(6): CBaseController->endContent()
#10 /var/www/carsurindo/framework/web/CBaseController.php(126): require('/var/www/carsur...')
#11 /var/www/carsurindo/framework/web/CBaseController.php(95): CBaseController->renderInternal('/var/www/carsur...', Array, true)
#12 /var/www/carsurindo/framework/web/CController.php(784): CBaseController->renderFile('/var/www/carsur...', Array, true)
#13 /var/www/carsurindo/protected/controllers/SiteController.php(32): CController->render('index')
#14 /var/www/carsurindo/framework/web/actions/CInlineAction.php(49): SiteController->actionIndex()
#15 /var/www/carsurindo/framework/web/CController.php(308): CInlineAction->runWithParams(Array)
#16 /var/www/carsurindo/framework/web/CController.php(286): CController->runAction(Object(CInlineAction))
#17 /var/www/carsurindo/framework/web/CController.php(265): CController->runActionWithFilters(Object(CInlineAction), Array)
#18 /var/www/carsurindo/framework/web/CWebApplication.php(282): CController->run('index')
#19 /var/www/carsurindo/framework/web/CWebApplication.php(141): CWebApplication->runController('site/index')
#20 /var/www/carsurindo/framework/base/CApplication.php(169): CWebApplication->processRequest()
#21 /var/www/carsurindo/index.php(13): CApplication->run()
#22 {main}
REQUEST_URI=/carsurindo/index.php?r=site/index
HTTP_REFERER=http://localhost/carsurindo/index.php?r=site/index
---
2013/04/22 11:21:54 [error] [php] Trying to get property of non-object (/var/www/carsurindo/themes/bootstrap/views/layouts/main.php:30)
Stack trace:
#0 /var/www/carsurindo/framework/web/widgets/CContentDecorator.php(76): SiteController->renderFile()
#1 /var/www/carsurindo/framework/web/widgets/CContentDecorator.php(54): CContentDecorator->decorate()
#2 /var/www/carsurindo/framework/web/widgets/COutputProcessor.php(44): CContentDecorator->processOutput()
#3 /var/www/carsurindo/framework/web/CBaseController.php(206): CContentDecorator->run()
#4 /var/www/carsurindo/framework/web/CBaseController.php(300): SiteController->endWidget()
#5 /var/www/carsurindo/protected/views/layouts/column1.php(6): SiteController->endContent()
#6 /var/www/carsurindo/framework/web/CBaseController.php(126): require()
#7 /var/www/carsurindo/framework/web/CBaseController.php(95): SiteController->renderInternal()
#8 /var/www/carsurindo/framework/web/CController.php(784): SiteController->renderFile()
#9 /var/www/carsurindo/protected/controllers/SiteController.php(32): SiteController->render()
#10 /var/www/carsurindo/framework/web/actions/CInlineAction.php(49): SiteController->actionIndex()
#11 /var/www/carsurindo/framework/web/CController.php(308): CInlineAction->runWithParams()
#12 /var/www/carsurindo/framework/web/CController.php(286): SiteController->runAction()
#13 /var/www/carsurindo/framework/web/CController.php(265): SiteController->runActionWithFilters()
#14 /var/www/carsurindo/framework/web/CWebApplication.php(282): SiteController->run()
#15 /var/www/carsurindo/framework/web/CWebApplication.php(141): CWebApplication->runController()
#16 /var/www/carsurindo/framework/base/CApplication.php(169): CWebApplication->processRequest()
#17 /var/www/carsurindo/index.php(13): CWebApplication->run()
REQUEST_URI=/carsurindo/index.php?r=site/index
in /var/www/carsurindo/themes/bootstrap/views/layouts/main.php (30)
in /var/www/carsurindo/protected/views/layouts/column1.php (6)
in /var/www/carsurindo/protected/controllers/SiteController.php (32)
2013/04/22 11:31:14 [error] [exception.CDbException] exception 'CDbException' with message 'CDbConnection failed to open the DB connection: SQLSTATE[42000] [1044] Access denied for user 'yiiCash'@'localhost' to database 'carsurindo'' in /var/www/carsurindo/framework/db/CDbConnection.php:381
Stack trace:
#0 /var/www/carsurindo/framework/db/CDbConnection.php(330): CDbConnection->open()
#1 /var/www/carsurindo/framework/db/CDbConnection.php(308): CDbConnection->setActive(true)
#2 /var/www/carsurindo/framework/base/CModule.php(387): CDbConnection->init()
#3 /var/www/carsurindo/framework/base/CModule.php(103): CModule->getComponent('db')
#4 /var/www/carsurindo/framework/gii/generators/crud/CrudCode.php(44): CModule->__get('db')
#5 /var/www/carsurindo/framework/web/CFormModel.php(39): CrudCode->init()
#6 /var/www/carsurindo/framework/gii/CCodeGenerator.php(153): CFormModel->__construct()
#7 /var/www/carsurindo/framework/gii/CCodeGenerator.php(63): CCodeGenerator->prepare()
#8 /var/www/carsurindo/framework/web/actions/CInlineAction.php(49): CCodeGenerator->actionIndex()
#9 /var/www/carsurindo/framework/web/CController.php(308): CInlineAction->runWithParams(Array)
#10 /var/www/carsurindo/framework/web/CController.php(286): CController->runAction(Object(CInlineAction))
#11 /var/www/carsurindo/framework/web/CController.php(265): CController->runActionWithFilters(Object(CInlineAction), Array)
#12 /var/www/carsurindo/framework/web/CWebApplication.php(282): CController->run('')
#13 /var/www/carsurindo/framework/web/CWebApplication.php(141): CWebApplication->runController('gii/bootstrap')
#14 /var/www/carsurindo/framework/base/CApplication.php(169): CWebApplication->processRequest()
#15 /var/www/carsurindo/index.php(13): CApplication->run()
#16 {main}
REQUEST_URI=/carsurindo/index.php?r=gii/bootstrap
HTTP_REFERER=http://localhost/carsurindo/index.php?r=gii/model
---
2013/04/22 11:53:32 [error] [exception.CHttpException.404] exception 'CHttpException' with message 'Unable to resolve the request "salesReport/admin".' in /var/www/carsurindo/framework/web/CWebApplication.php:286
Stack trace:
#0 /var/www/carsurindo/framework/web/CWebApplication.php(141): CWebApplication->runController('salesReport/adm...')
#1 /var/www/carsurindo/framework/base/CApplication.php(169): CWebApplication->processRequest()
#2 /var/www/carsurindo/index.php(13): CApplication->run()
#3 {main}
REQUEST_URI=/carsurindo/index.php?r=salesReport/admin
HTTP_REFERER=http://localhost/carsurindo/index.php?r=client
---
2013/04/22 13:43:35 [error] [exception.CHttpException.404] exception 'CHttpException' with message 'Unable to resolve the request "bankReceipt/admin".' in /var/www/carsurindo/framework/web/CWebApplication.php:286
Stack trace:
#0 /var/www/carsurindo/framework/web/CWebApplication.php(141): CWebApplication->runController('bankReceipt/adm...')
#1 /var/www/carsurindo/framework/base/CApplication.php(169): CWebApplication->processRequest()
#2 /var/www/carsurindo/index.php(13): CApplication->run()
#3 {main}
REQUEST_URI=/carsurindo/index.php/bankReceipt/admin
HTTP_REFERER=http://localhost/carsurindo/index.php/site/index
---
2013/04/22 13:43:36 [error] [exception.CHttpException.404] exception 'CHttpException' with message 'Unable to resolve the request "salesReport/admin".' in /var/www/carsurindo/framework/web/CWebApplication.php:286
Stack trace:
#0 /var/www/carsurindo/framework/web/CWebApplication.php(141): CWebApplication->runController('salesReport/adm...')
#1 /var/www/carsurindo/framework/base/CApplication.php(169): CWebApplication->processRequest()
#2 /var/www/carsurindo/index.php(13): CApplication->run()
#3 {main}
REQUEST_URI=/carsurindo/index.php/salesReport/admin
HTTP_REFERER=http://localhost/carsurindo/index.php/bankReceipt/admin
---
2013/04/22 13:43:37 [error] [exception.CHttpException.404] exception 'CHttpException' with message 'Unable to resolve the request "bankReceipt/cash".' in /var/www/carsurindo/framework/web/CWebApplication.php:286
Stack trace:
#0 /var/www/carsurindo/framework/web/CWebApplication.php(141): CWebApplication->runController('bankReceipt/cas...')
#1 /var/www/carsurindo/framework/base/CApplication.php(169): CWebApplication->processRequest()
#2 /var/www/carsurindo/index.php(13): CApplication->run()
#3 {main}
REQUEST_URI=/carsurindo/index.php/bankReceipt/cash
HTTP_REFERER=http://localhost/carsurindo/index.php/salesReport/admin
---
2013/04/30 00:40:00 [error] [php] Trying to get property of non-object (/var/www/carsurindo/protected/controllers/CoaController.php:180)
Stack trace:
#0 /var/www/carsurindo/framework/zii/widgets/grid/CDataColumn.php(131): TbDataColumn->evaluateExpression()
#1 /var/www/carsurindo/framework/zii/widgets/grid/CGridColumn.php(144): TbDataColumn->renderDataCellContent()
#2 /var/www/carsurindo/framework/zii/widgets/grid/CGridView.php(589): TbDataColumn->renderDataCell()
#3 /var/www/carsurindo/framework/zii/widgets/grid/CGridView.php(545): TbGridView->renderTableRow()
#4 /var/www/carsurindo/framework/zii/widgets/grid/CGridView.php(455): TbGridView->renderTableBody()
#5 /var/www/carsurindo/framework/zii/widgets/CBaseListView.php(160): TbGridView->renderItems()
#6 unknown(0): TbGridView->renderSection()
#7 /var/www/carsurindo/framework/zii/widgets/CBaseListView.php(143): preg_replace_callback()
#8 /var/www/carsurindo/framework/zii/widgets/CBaseListView.php(128): TbGridView->renderContent()
#9 /var/www/carsurindo/framework/web/CBaseController.php(173): TbGridView->run()
#10 /var/www/carsurindo/protected/views/coa/admin.php(33): CoaController->widget()
#11 /var/www/carsurindo/framework/web/CBaseController.php(126): require()
#12 /var/www/carsurindo/framework/web/CBaseController.php(95): CoaController->renderInternal()
#13 /var/www/carsurindo/framework/web/CController.php(869): CoaController->renderFile()
#14 /var/www/carsurindo/framework/web/CController.php(782): CoaController->renderPartial()
#15 /var/www/carsurindo/protected/controllers/CoaController.php(148): CoaController->render()
#16 /var/www/carsurindo/framework/web/actions/CInlineAction.php(49): CoaController->actionAdmin()
#17 /var/www/carsurindo/framework/web/CController.php(308): CInlineAction->runWithParams()
#18 /var/www/carsurindo/framework/web/filters/CFilterChain.php(133): CoaController->runAction()
#19 /var/www/carsurindo/framework/web/filters/CFilter.php(40): CFilterChain->run()
#20 /var/www/carsurindo/framework/web/CController.php(1145): CAccessControlFilter->filter()
#21 /var/www/carsurindo/framework/web/filters/CInlineFilter.php(58): CoaController->filterAccessControl()
#22 /var/www/carsurindo/framework/web/filters/CFilterChain.php(130): CInlineFilter->filter()
#23 /var/www/carsurindo/framework/web/CController.php(291): CFilterChain->run()
#24 /var/www/carsurindo/framework/web/CController.php(265): CoaController->runActionWithFilters()
#25 /var/www/carsurindo/framework/web/CWebApplication.php(282): CoaController->run()
#26 /var/www/carsurindo/framework/web/CWebApplication.php(141): CWebApplication->runController()
#27 /var/www/carsurindo/framework/base/CApplication.php(169): CWebApplication->processRequest()
#28 /var/www/carsurindo/index.php(13): CWebApplication->run()
REQUEST_URI=/carsurindo/index.php/coa/admin
in /var/www/carsurindo/protected/controllers/CoaController.php (180)
in /var/www/carsurindo/protected/views/coa/admin.php (33)
in /var/www/carsurindo/protected/controllers/CoaController.php (148)
2013/04/30 00:48:14 [error] [exception.CException] exception 'CException' with message 'Property "Coa.id" is not defined.' in /var/www/carsurindo/framework/base/CComponent.php:130
Stack trace:
#0 /var/www/carsurindo/framework/db/ar/CActiveRecord.php(143): CComponent->__get('id')
#1 /var/www/carsurindo/protected/controllers/CoaController.php(179): CActiveRecord->__get('id')
#2 [internal function]: CoaController->parentCOA(Object(Coa), 0, Object(TbDataColumn))
#3 /var/www/carsurindo/framework/base/CComponent.php(611): call_user_func_array(Array, Array)
#4 /var/www/carsurindo/framework/zii/widgets/grid/CDataColumn.php(131): CComponent->evaluateExpression(Array, Array)
#5 /var/www/carsurindo/framework/zii/widgets/grid/CGridColumn.php(144): CDataColumn->renderDataCellContent(0, Object(Coa))
#6 /var/www/carsurindo/framework/zii/widgets/grid/CGridView.php(589): CGridColumn->renderDataCell(0)
#7 /var/www/carsurindo/framework/zii/widgets/grid/CGridView.php(545): CGridView->renderTableRow(0)
#8 /var/www/carsurindo/framework/zii/widgets/grid/CGridView.php(455): CGridView->renderTableBody()
#9 /var/www/carsurindo/framework/zii/widgets/CBaseListView.php(160): CGridView->renderItems()
#10 [internal function]: CBaseListView->renderSection(Array)
#11 /var/www/carsurindo/framework/zii/widgets/CBaseListView.php(143): preg_replace_callback('/{(\w+)}/', Array, '{summary}?{item...')
#12 /var/www/carsurindo/framework/zii/widgets/CBaseListView.php(128): CBaseListView->renderContent()
#13 /var/www/carsurindo/framework/web/CBaseController.php(173): CBaseListView->run()
#14 /var/www/carsurindo/protected/views/coa/admin.php(33): CBaseController->widget('bootstrap.widge...', Array)
#15 /var/www/carsurindo/framework/web/CBaseController.php(126): require('/var/www/carsur...')
#16 /var/www/carsurindo/framework/web/CBaseController.php(95): CBaseController->renderInternal('/var/www/carsur...', Array, true)
#17 /var/www/carsurindo/framework/web/CController.php(869): CBaseController->renderFile('/var/www/carsur...', Array, true)
#18 /var/www/carsurindo/framework/web/CController.php(782): CController->renderPartial('admin', Array, true)
#19 /var/www/carsurindo/protected/controllers/CoaController.php(148): CController->render('admin', Array)
#20 /var/www/carsurindo/framework/web/actions/CInlineAction.php(49): CoaController->actionAdmin()
#21 /var/www/carsurindo/framework/web/CController.php(308): CInlineAction->runWithParams(Array)
#22 /var/www/carsurindo/framework/web/filters/CFilterChain.php(133): CController->runAction(Object(CInlineAction))
#23 /var/www/carsurindo/framework/web/filters/CFilter.php(40): CFilterChain->run()
#24 /var/www/carsurindo/framework/web/CController.php(1145): CFilter->filter(Object(CFilterChain))
#25 /var/www/carsurindo/framework/web/filters/CInlineFilter.php(58): CController->filterAccessControl(Object(CFilterChain))
#26 /var/www/carsurindo/framework/web/filters/CFilterChain.php(130): CInlineFilter->filter(Object(CFilterChain))
#27 /var/www/carsurindo/framework/web/CController.php(291): CFilterChain->run()
#28 /var/www/carsurindo/framework/web/CController.php(265): CController->runActionWithFilters(Object(CInlineAction), Array)
#29 /var/www/carsurindo/framework/web/CWebApplication.php(282): CController->run('admin')
#30 /var/www/carsurindo/framework/web/CWebApplication.php(141): CWebApplication->runController('coa/admin')
#31 /var/www/carsurindo/framework/base/CApplication.php(169): CWebApplication->processRequest()
#32 /var/www/carsurindo/index.php(13): CApplication->run()
#33 {main}
REQUEST_URI=/carsurindo/index.php/coa/admin
HTTP_REFERER=http://localhost/carsurindo/index.php/coa/index
---
2013/04/30 00:48:52 [error] [php] Trying to get property of non-object (/var/www/carsurindo/protected/controllers/CoaController.php:180)
Stack trace:
#0 /var/www/carsurindo/framework/zii/widgets/grid/CDataColumn.php(131): TbDataColumn->evaluateExpression()
#1 /var/www/carsurindo/framework/zii/widgets/grid/CGridColumn.php(144): TbDataColumn->renderDataCellContent()
#2 /var/www/carsurindo/framework/zii/widgets/grid/CGridView.php(589): TbDataColumn->renderDataCell()
#3 /var/www/carsurindo/framework/zii/widgets/grid/CGridView.php(545): TbGridView->renderTableRow()
#4 /var/www/carsurindo/framework/zii/widgets/grid/CGridView.php(455): TbGridView->renderTableBody()
#5 /var/www/carsurindo/framework/zii/widgets/CBaseListView.php(160): TbGridView->renderItems()
#6 unknown(0): TbGridView->renderSection()
#7 /var/www/carsurindo/framework/zii/widgets/CBaseListView.php(143): preg_replace_callback()
#8 /var/www/carsurindo/framework/zii/widgets/CBaseListView.php(128): TbGridView->renderContent()
#9 /var/www/carsurindo/framework/web/CBaseController.php(173): TbGridView->run()
#10 /var/www/carsurindo/protected/views/coa/admin.php(33): CoaController->widget()
#11 /var/www/carsurindo/framework/web/CBaseController.php(126): require()
#12 /var/www/carsurindo/framework/web/CBaseController.php(95): CoaController->renderInternal()
#13 /var/www/carsurindo/framework/web/CController.php(869): CoaController->renderFile()
#14 /var/www/carsurindo/framework/web/CController.php(782): CoaController->renderPartial()
#15 /var/www/carsurindo/protected/controllers/CoaController.php(148): CoaController->render()
#16 /var/www/carsurindo/framework/web/actions/CInlineAction.php(49): CoaController->actionAdmin()
#17 /var/www/carsurindo/framework/web/CController.php(308): CInlineAction->runWithParams()
#18 /var/www/carsurindo/framework/web/filters/CFilterChain.php(133): CoaController->runAction()
#19 /var/www/carsurindo/framework/web/filters/CFilter.php(40): CFilterChain->run()
#20 /var/www/carsurindo/framework/web/CController.php(1145): CAccessControlFilter->filter()
#21 /var/www/carsurindo/framework/web/filters/CInlineFilter.php(58): CoaController->filterAccessControl()
#22 /var/www/carsurindo/framework/web/filters/CFilterChain.php(130): CInlineFilter->filter()
#23 /var/www/carsurindo/framework/web/CController.php(291): CFilterChain->run()
#24 /var/www/carsurindo/framework/web/CController.php(265): CoaController->runActionWithFilters()
#25 /var/www/carsurindo/framework/web/CWebApplication.php(282): CoaController->run()
#26 /var/www/carsurindo/framework/web/CWebApplication.php(141): CWebApplication->runController()
#27 /var/www/carsurindo/framework/base/CApplication.php(169): CWebApplication->processRequest()
#28 /var/www/carsurindo/index.php(13): CWebApplication->run()
REQUEST_URI=/carsurindo/index.php/coa/admin
in /var/www/carsurindo/protected/controllers/CoaController.php (180)
in /var/www/carsurindo/protected/views/coa/admin.php (33)
in /var/www/carsurindo/protected/controllers/CoaController.php (148)
2013/04/30 00:51:43 [error] [php] Trying to get property of non-object (/var/www/carsurindo/protected/controllers/CoaController.php:180)
Stack trace:
#0 /var/www/carsurindo/framework/zii/widgets/grid/CDataColumn.php(131): TbDataColumn->evaluateExpression()
#1 /var/www/carsurindo/framework/zii/widgets/grid/CGridColumn.php(144): TbDataColumn->renderDataCellContent()
#2 /var/www/carsurindo/framework/zii/widgets/grid/CGridView.php(589): TbDataColumn->renderDataCell()
#3 /var/www/carsurindo/framework/zii/widgets/grid/CGridView.php(545): TbGridView->renderTableRow()
#4 /var/www/carsurindo/framework/zii/widgets/grid/CGridView.php(455): TbGridView->renderTableBody()
#5 /var/www/carsurindo/framework/zii/widgets/CBaseListView.php(160): TbGridView->renderItems()
#6 unknown(0): TbGridView->renderSection()
#7 /var/www/carsurindo/framework/zii/widgets/CBaseListView.php(143): preg_replace_callback()
#8 /var/www/carsurindo/framework/zii/widgets/CBaseListView.php(128): TbGridView->renderContent()
#9 /var/www/carsurindo/framework/web/CBaseController.php(173): TbGridView->run()
#10 /var/www/carsurindo/protected/views/coa/admin.php(32): CoaController->widget()
#11 /var/www/carsurindo/framework/web/CBaseController.php(126): require()
#12 /var/www/carsurindo/framework/web/CBaseController.php(95): CoaController->renderInternal()
#13 /var/www/carsurindo/framework/web/CController.php(869): CoaController->renderFile()
#14 /var/www/carsurindo/framework/web/CController.php(782): CoaController->renderPartial()
#15 /var/www/carsurindo/protected/controllers/CoaController.php(148): CoaController->render()
#16 /var/www/carsurindo/framework/web/actions/CInlineAction.php(49): CoaController->actionAdmin()
#17 /var/www/carsurindo/framework/web/CController.php(308): CInlineAction->runWithParams()
#18 /var/www/carsurindo/framework/web/filters/CFilterChain.php(133): CoaController->runAction()
#19 /var/www/carsurindo/framework/web/filters/CFilter.php(40): CFilterChain->run()
#20 /var/www/carsurindo/framework/web/CController.php(1145): CAccessControlFilter->filter()
#21 /var/www/carsurindo/framework/web/filters/CInlineFilter.php(58): CoaController->filterAccessControl()
#22 /var/www/carsurindo/framework/web/filters/CFilterChain.php(130): CInlineFilter->filter()
#23 /var/www/carsurindo/framework/web/CController.php(291): CFilterChain->run()
#24 /var/www/carsurindo/framework/web/CController.php(265): CoaController->runActionWithFilters()
#25 /var/www/carsurindo/framework/web/CWebApplication.php(282): CoaController->run()
#26 /var/www/carsurindo/framework/web/CWebApplication.php(141): CWebApplication->runController()
#27 /var/www/carsurindo/framework/base/CApplication.php(169): CWebApplication->processRequest()
#28 /var/www/carsurindo/index.php(13): CWebApplication->run()
REQUEST_URI=/carsurindo/index.php/coa/admin
in /var/www/carsurindo/protected/controllers/CoaController.php (180)
in /var/www/carsurindo/protected/views/coa/admin.php (32)
in /var/www/carsurindo/protected/controllers/CoaController.php (148)
2013/04/30 00:58:42 [error] [php] Trying to get property of non-object (/var/www/carsurindo/protected/controllers/CoaController.php:180)
Stack trace:
#0 /var/www/carsurindo/framework/zii/widgets/grid/CDataColumn.php(131): TbDataColumn->evaluateExpression()
#1 /var/www/carsurindo/framework/zii/widgets/grid/CGridColumn.php(144): TbDataColumn->renderDataCellContent()
#2 /var/www/carsurindo/framework/zii/widgets/grid/CGridView.php(589): TbDataColumn->renderDataCell()
#3 /var/www/carsurindo/framework/zii/widgets/grid/CGridView.php(545): TbGridView->renderTableRow()
#4 /var/www/carsurindo/framework/zii/widgets/grid/CGridView.php(455): TbGridView->renderTableBody()
#5 /var/www/carsurindo/framework/zii/widgets/CBaseListView.php(160): TbGridView->renderItems()
#6 unknown(0): TbGridView->renderSection()
#7 /var/www/carsurindo/framework/zii/widgets/CBaseListView.php(143): preg_replace_callback()
#8 /var/www/carsurindo/framework/zii/widgets/CBaseListView.php(128): TbGridView->renderContent()
#9 /var/www/carsurindo/framework/web/CBaseController.php(173): TbGridView->run()
#10 /var/www/carsurindo/protected/views/coa/admin.php(32): CoaController->widget()
#11 /var/www/carsurindo/framework/web/CBaseController.php(126): require()
#12 /var/www/carsurindo/framework/web/CBaseController.php(95): CoaController->renderInternal()
#13 /var/www/carsurindo/framework/web/CController.php(869): CoaController->renderFile()
#14 /var/www/carsurindo/framework/web/CController.php(782): CoaController->renderPartial()
#15 /var/www/carsurindo/protected/controllers/CoaController.php(148): CoaController->render()
#16 /var/www/carsurindo/framework/web/actions/CInlineAction.php(49): CoaController->actionAdmin()
#17 /var/www/carsurindo/framework/web/CController.php(308): CInlineAction->runWithParams()
#18 /var/www/carsurindo/framework/web/filters/CFilterChain.php(133): CoaController->runAction()
#19 /var/www/carsurindo/framework/web/filters/CFilter.php(40): CFilterChain->run()
#20 /var/www/carsurindo/framework/web/CController.php(1145): CAccessControlFilter->filter()
#21 /var/www/carsurindo/framework/web/filters/CInlineFilter.php(58): CoaController->filterAccessControl()
#22 /var/www/carsurindo/framework/web/filters/CFilterChain.php(130): CInlineFilter->filter()
#23 /var/www/carsurindo/framework/web/CController.php(291): CFilterChain->run()
#24 /var/www/carsurindo/framework/web/CController.php(265): CoaController->runActionWithFilters()
#25 /var/www/carsurindo/framework/web/CWebApplication.php(282): CoaController->run()
#26 /var/www/carsurindo/framework/web/CWebApplication.php(141): CWebApplication->runController()
#27 /var/www/carsurindo/framework/base/CApplication.php(169): CWebApplication->processRequest()
#28 /var/www/carsurindo/index.php(13): CWebApplication->run()
REQUEST_URI=/carsurindo/index.php/coa/admin
in /var/www/carsurindo/protected/controllers/CoaController.php (180)
in /var/www/carsurindo/protected/views/coa/admin.php (32)
in /var/www/carsurindo/protected/controllers/CoaController.php (148)
2013/06/27 13:20:26 [error] [php] call_user_func() expects parameter 1 to be a valid callback, array must have exactly two members (/var/www/carsurindo/framework/web/helpers/CHtml.php:1906)
Stack trace:
#0 /var/www/carsurindo/protected/views/wo/_form.php(10): listData()
#1 /var/www/carsurindo/framework/web/CBaseController.php(126): require()
#2 /var/www/carsurindo/framework/web/CBaseController.php(95): WoController->renderInternal()
#3 /var/www/carsurindo/framework/web/CController.php(869): WoController->renderFile()
#4 /var/www/carsurindo/protected/views/wo/create.php(14): WoController->renderPartial()
#5 /var/www/carsurindo/framework/web/CBaseController.php(126): require()
#6 /var/www/carsurindo/framework/web/CBaseController.php(95): WoController->renderInternal()
#7 /var/www/carsurindo/framework/web/CController.php(869): WoController->renderFile()
#8 /var/www/carsurindo/framework/web/CController.php(782): WoController->renderPartial()
#9 /var/www/carsurindo/protected/controllers/WoController.php(78): WoController->render()
#10 /var/www/carsurindo/framework/web/actions/CInlineAction.php(49): WoController->actionCreate()
#11 /var/www/carsurindo/framework/web/CController.php(308): CInlineAction->runWithParams()
#12 /var/www/carsurindo/framework/web/filters/CFilterChain.php(133): WoController->runAction()
#13 /var/www/carsurindo/framework/web/filters/CFilter.php(40): CFilterChain->run()
#14 /var/www/carsurindo/framework/web/CController.php(1145): CAccessControlFilter->filter()
#15 /var/www/carsurindo/framework/web/filters/CInlineFilter.php(58): WoController->filterAccessControl()
#16 /var/www/carsurindo/framework/web/filters/CFilterChain.php(130): CInlineFilter->filter()
#17 /var/www/carsurindo/framework/web/CController.php(291): CFilterChain->run()
#18 /var/www/carsurindo/framework/web/CController.php(265): WoController->runActionWithFilters()
#19 /var/www/carsurindo/framework/web/CWebApplication.php(282): WoController->run()
#20 /var/www/carsurindo/framework/web/CWebApplication.php(141): CWebApplication->runController()
#21 /var/www/carsurindo/framework/base/CApplication.php(169): CWebApplication->processRequest()
#22 /var/www/carsurindo/index.php(13): CWebApplication->run()
REQUEST_URI=/carsurindo/index.php/wo/create
in /var/www/carsurindo/protected/views/wo/_form.php (10)
in /var/www/carsurindo/protected/views/wo/create.php (14)
in /var/www/carsurindo/protected/controllers/WoController.php (78)
2013/06/27 13:21:29 [error] [php] call_user_func() expects parameter 1 to be a valid callback, first array member is not a valid class name or object (/var/www/carsurindo/framework/web/helpers/CHtml.php:1906)
Stack trace:
#0 /var/www/carsurindo/protected/views/wo/_form.php(10): listData()
#1 /var/www/carsurindo/framework/web/CBaseController.php(126): require()
#2 /var/www/carsurindo/framework/web/CBaseController.php(95): WoController->renderInternal()
#3 /var/www/carsurindo/framework/web/CController.php(869): WoController->renderFile()
#4 /var/www/carsurindo/protected/views/wo/create.php(14): WoController->renderPartial()
#5 /var/www/carsurindo/framework/web/CBaseController.php(126): require()
#6 /var/www/carsurindo/framework/web/CBaseController.php(95): WoController->renderInternal()
#7 /var/www/carsurindo/framework/web/CController.php(869): WoController->renderFile()
#8 /var/www/carsurindo/framework/web/CController.php(782): WoController->renderPartial()
#9 /var/www/carsurindo/protected/controllers/WoController.php(78): WoController->render()
#10 /var/www/carsurindo/framework/web/actions/CInlineAction.php(49): WoController->actionCreate()
#11 /var/www/carsurindo/framework/web/CController.php(308): CInlineAction->runWithParams()
#12 /var/www/carsurindo/framework/web/filters/CFilterChain.php(133): WoController->runAction()
#13 /var/www/carsurindo/framework/web/filters/CFilter.php(40): CFilterChain->run()
#14 /var/www/carsurindo/framework/web/CController.php(1145): CAccessControlFilter->filter()
#15 /var/www/carsurindo/framework/web/filters/CInlineFilter.php(58): WoController->filterAccessControl()
#16 /var/www/carsurindo/framework/web/filters/CFilterChain.php(130): CInlineFilter->filter()
#17 /var/www/carsurindo/framework/web/CController.php(291): CFilterChain->run()
#18 /var/www/carsurindo/framework/web/CController.php(265): WoController->runActionWithFilters()
#19 /var/www/carsurindo/framework/web/CWebApplication.php(282): WoController->run()
#20 /var/www/carsurindo/framework/web/CWebApplication.php(141): CWebApplication->runController()
#21 /var/www/carsurindo/framework/base/CApplication.php(169): CWebApplication->processRequest()
#22 /var/www/carsurindo/index.php(13): CWebApplication->run()
REQUEST_URI=/carsurindo/index.php/wo/create
in /var/www/carsurindo/protected/views/wo/_form.php (10)
in /var/www/carsurindo/protected/views/wo/create.php (14)
in /var/www/carsurindo/protected/controllers/WoController.php (78)
2013/06/27 13:21:47 [error] [php] call_user_func() expects parameter 1 to be a valid callback, first array member is not a valid class name or object (/var/www/carsurindo/framework/web/helpers/CHtml.php:1906)
Stack trace:
#0 /var/www/carsurindo/protected/views/wo/_form.php(10): listData()
#1 /var/www/carsurindo/framework/web/CBaseController.php(126): require()
#2 /var/www/carsurindo/framework/web/CBaseController.php(95): WoController->renderInternal()
#3 /var/www/carsurindo/framework/web/CController.php(869): WoController->renderFile()
#4 /var/www/carsurindo/protected/views/wo/create.php(14): WoController->renderPartial()
#5 /var/www/carsurindo/framework/web/CBaseController.php(126): require()
#6 /var/www/carsurindo/framework/web/CBaseController.php(95): WoController->renderInternal()
#7 /var/www/carsurindo/framework/web/CController.php(869): WoController->renderFile()
#8 /var/www/carsurindo/framework/web/CController.php(782): WoController->renderPartial()
#9 /var/www/carsurindo/protected/controllers/WoController.php(78): WoController->render()
#10 /var/www/carsurindo/framework/web/actions/CInlineAction.php(49): WoController->actionCreate()
#11 /var/www/carsurindo/framework/web/CController.php(308): CInlineAction->runWithParams()
#12 /var/www/carsurindo/framework/web/filters/CFilterChain.php(133): WoController->runAction()
#13 /var/www/carsurindo/framework/web/filters/CFilter.php(40): CFilterChain->run()
#14 /var/www/carsurindo/framework/web/CController.php(1145): CAccessControlFilter->filter()
#15 /var/www/carsurindo/framework/web/filters/CInlineFilter.php(58): WoController->filterAccessControl()
#16 /var/www/carsurindo/framework/web/filters/CFilterChain.php(130): CInlineFilter->filter()
#17 /var/www/carsurindo/framework/web/CController.php(291): CFilterChain->run()
#18 /var/www/carsurindo/framework/web/CController.php(265): WoController->runActionWithFilters()
#19 /var/www/carsurindo/framework/web/CWebApplication.php(282): WoController->run()
#20 /var/www/carsurindo/framework/web/CWebApplication.php(141): CWebApplication->runController()
#21 /var/www/carsurindo/framework/base/CApplication.php(169): CWebApplication->processRequest()
#22 /var/www/carsurindo/index.php(13): CWebApplication->run()
REQUEST_URI=/carsurindo/index.php/wo/create
in /var/www/carsurindo/protected/views/wo/_form.php (10)
in /var/www/carsurindo/protected/views/wo/create.php (14)
in /var/www/carsurindo/protected/controllers/WoController.php (78)
2013/06/27 13:25:13 [error] [php] call_user_func() expects parameter 1 to be a valid callback, array must have exactly two members (/var/www/carsurindo/framework/web/helpers/CHtml.php:1906)
Stack trace:
#0 /var/www/carsurindo/protected/views/wo/_form.php(10): listData()
#1 /var/www/carsurindo/framework/web/CBaseController.php(126): require()
#2 /var/www/carsurindo/framework/web/CBaseController.php(95): WoController->renderInternal()
#3 /var/www/carsurindo/framework/web/CController.php(869): WoController->renderFile()
#4 /var/www/carsurindo/protected/views/wo/create.php(14): WoController->renderPartial()
#5 /var/www/carsurindo/framework/web/CBaseController.php(126): require()
#6 /var/www/carsurindo/framework/web/CBaseController.php(95): WoController->renderInternal()
#7 /var/www/carsurindo/framework/web/CController.php(869): WoController->renderFile()
#8 /var/www/carsurindo/framework/web/CController.php(782): WoController->renderPartial()
#9 /var/www/carsurindo/protected/controllers/WoController.php(78): WoController->render()
#10 /var/www/carsurindo/framework/web/actions/CInlineAction.php(49): WoController->actionCreate()
#11 /var/www/carsurindo/framework/web/CController.php(308): CInlineAction->runWithParams()
#12 /var/www/carsurindo/framework/web/filters/CFilterChain.php(133): WoController->runAction()
#13 /var/www/carsurindo/framework/web/filters/CFilter.php(40): CFilterChain->run()
#14 /var/www/carsurindo/framework/web/CController.php(1145): CAccessControlFilter->filter()
#15 /var/www/carsurindo/framework/web/filters/CInlineFilter.php(58): WoController->filterAccessControl()
#16 /var/www/carsurindo/framework/web/filters/CFilterChain.php(130): CInlineFilter->filter()
#17 /var/www/carsurindo/framework/web/CController.php(291): CFilterChain->run()
#18 /var/www/carsurindo/framework/web/CController.php(265): WoController->runActionWithFilters()
#19 /var/www/carsurindo/framework/web/CWebApplication.php(282): WoController->run()
#20 /var/www/carsurindo/framework/web/CWebApplication.php(141): CWebApplication->runController()
#21 /var/www/carsurindo/framework/base/CApplication.php(169): CWebApplication->processRequest()
#22 /var/www/carsurindo/index.php(13): CWebApplication->run()
REQUEST_URI=/carsurindo/index.php/wo/create
in /var/www/carsurindo/protected/views/wo/_form.php (10)
in /var/www/carsurindo/protected/views/wo/create.php (14)
in /var/www/carsurindo/protected/controllers/WoController.php (78)
2013/06/27 13:44:16 [warning] [application] Failed to set unsafe attribute "description" of "Wo".
in /var/www/carsurindo/protected/controllers/WoController.php (71)
in /var/www/carsurindo/index.php (13)
2013/06/27 13:58:36 [error] [php] Trying to get property of non-object (/var/www/carsurindo/protected/controllers/WoController.php:180)
Stack trace:
#0 /var/www/carsurindo/framework/web/CBaseController.php(95): WoController->renderInternal()
#1 /var/www/carsurindo/framework/web/CController.php(869): WoController->renderFile()
#2 /var/www/carsurindo/framework/web/CController.php(782): WoController->renderPartial()
#3 /var/www/carsurindo/protected/controllers/WoController.php(55): WoController->render()
#4 unknown(0): WoController->actionView()
#5 /var/www/carsurindo/framework/web/actions/CAction.php(108): ReflectionMethod->invokeArgs()
#6 /var/www/carsurindo/framework/web/actions/CInlineAction.php(47): CInlineAction->runWithParamsInternal()
#7 /var/www/carsurindo/framework/web/CController.php(308): CInlineAction->runWithParams()
#8 /var/www/carsurindo/framework/web/filters/CFilterChain.php(133): WoController->runAction()
#9 /var/www/carsurindo/framework/web/filters/CFilter.php(40): CFilterChain->run()
#10 /var/www/carsurindo/framework/web/CController.php(1145): CAccessControlFilter->filter()
#11 /var/www/carsurindo/framework/web/filters/CInlineFilter.php(58): WoController->filterAccessControl()
#12 /var/www/carsurindo/framework/web/filters/CFilterChain.php(130): CInlineFilter->filter()
#13 /var/www/carsurindo/framework/web/CController.php(291): CFilterChain->run()
#14 /var/www/carsurindo/framework/web/CController.php(265): WoController->runActionWithFilters()
#15 /var/www/carsurindo/framework/web/CWebApplication.php(282): WoController->run()
#16 /var/www/carsurindo/framework/web/CWebApplication.php(141): CWebApplication->runController()
#17 /var/www/carsurindo/framework/base/CApplication.php(169): CWebApplication->processRequest()
#18 /var/www/carsurindo/index.php(13): CWebApplication->run()
REQUEST_URI=/carsurindo/index.php/wo/1
in /var/www/carsurindo/protected/controllers/WoController.php (180)
in /var/www/carsurindo/protected/views/wo/view.php (20)
in /var/www/carsurindo/protected/controllers/WoController.php (55)
